# JRE version: OpenJDK Runtime Environment GraalVM CE 22.3.0 (17.0.5+8) (build 17.0.5+8-jvmci-22.3-b08)
# Java VM: OpenJDK 64-Bit Server VM GraalVM CE 22.3.0 (17.0.5+8-jvmci-22.3-b08, mixed mode, sharing, tiered, jvmci, jvmci compiler, compressed oops, compressed class ptrs, parallel gc, linux-amd64)
GC Precious Log:
 CPUs: 8 total, 1 available
 Memory: 1024M
 Large Page Support: Disabled
 NUMA Support: Disabled
 Compressed Oops: Enabled (32-bit)
 Alignments: Space 512K, Generation 512K, Heap 2M
 Heap Min Capacity: 100M
 Heap Initial Capacity: 100M
 Heap Max Capacity: 512M
 Pre-touch: Disabled
 Parallel Workers: 1
Heap:
 PSYoungGen      total 40448K, used 23039K [0x00000000f5580000, 0x00000000f9100000, 0x0000000100000000)
  eden space 23040K, 99% used [0x00000000f5580000,0x00000000f6bffff8,0x00000000f6c00000)
  from space 17408K, 0% used [0x00000000f8000000,0x00000000f8000000,0x00000000f9100000)
  to   space 13824K, 0% used [0x00000000f6c00000,0x00000000f6c00000,0x00000000f7980000)
 ParOldGen       total 349696K, used 349695K [0x00000000e0000000, 0x00000000f5580000, 0x00000000f5580000)
  object space 349696K, 99% used [0x00000000e0000000,0x00000000f557fff0,0x00000000f5580000)
 Metaspace       used 56055K, committed 56896K, reserved 1105920K
  class space    used 5542K, committed 5888K, reserved 1048576K
GC Heap History (20 events):
Event: 330.942 GC heap before
{Heap before GC invocations=320 (full 216):
 PSYoungGen      total 40448K, used 23039K [0x00000000f5580000, 0x00000000f9100000, 0x0000000100000000)
  eden space 23040K, 99% used [0x00000000f5580000,0x00000000f6bffff8,0x00000000f6c00000)
  from space 17408K, 0% used [0x00000000f8000000,0x00000000f8000000,0x00000000f9100000)
  to   space 13824K, 0% used [0x00000000f6c00000,0x00000000f6c00000,0x00000000f7980000)
 ParOldGen       total 349696K, used 349695K [0x00000000e0000000, 0x00000000f5580000, 0x00000000f5580000)
  object space 349696K, 99% used [0x00000000e0000000,0x00000000f557ffb0,0x00000000f5580000)
 Metaspace       used 56055K, committed 56896K, reserved 1105920K
  class space    used 5542K, committed 5888K, reserved 1048576K
}
Event: 331.972 GC heap after
{Heap after GC invocations=320 (full 216):
 PSYoungGen      total 36864K, used 23039K [0x00000000f5580000, 0x00000000f9100000, 0x0000000100000000)
  eden space 23040K, 99% used [0x00000000f5580000,0x00000000f6bfffd8,0x00000000f6c00000)
  from space 13824K, 0% used [0x00000000f6c00000,0x00000000f6c00000,0x00000000f7980000)
  to   space 17408K, 0% used [0x00000000f8000000,0x00000000f8000000,0x00000000f9100000)
 ParOldGen       total 349696K, used 349695K [0x00000000e0000000, 0x00000000f5580000, 0x00000000f5580000)
  object space 349696K, 99% used [0x00000000e0000000,0x00000000f557ffb0,0x00000000f5580000)
 Metaspace       used 56055K, committed 56896K, reserved 1105920K
  class space    used 5542K, committed 5888K, reserved 1048576K
}
Event: 331.972 GC heap before
{Heap before GC invocations=321 (full 217):
 PSYoungGen      total 36864K, used 23039K [0x00000000f5580000, 0x00000000f9100000, 0x0000000100000000)
  eden space 23040K, 99% used [0x00000000f5580000,0x00000000f6bffff8,0x00000000f6c00000)
  from space 13824K, 0% used [0x00000000f6c00000,0x00000000f6c00000,0x00000000f7980000)
  to   space 17408K, 0% used [0x00000000f8000000,0x00000000f8000000,0x00000000f9100000)
 ParOldGen       total 349696K, used 349695K [0x00000000e0000000, 0x00000000f5580000, 0x00000000f5580000)
  object space 349696K, 99% used [0x00000000e0000000,0x00000000f557ffb0,0x00000000f5580000)
 Metaspace       used 56055K, committed 56896K, reserved 1105920K
  class space    used 5542K, committed 5888K, reserved 1048576K
}
Event: 333.073 GC heap after
{Heap after GC invocations=321 (full 217):
 PSYoungGen      total 40448K, used 23039K [0x00000000f5580000, 0x00000000f9100000, 0x0000000100000000)
  eden space 23040K, 99% used [0x00000000f5580000,0x00000000f6bfffd8,0x00000000f6c00000)
  from space 17408K, 0% used [0x00000000f8000000,0x00000000f8000000,0x00000000f9100000)
  to   space 13824K, 0% used [0x00000000f6c00000,0x00000000f6c00000,0x00000000f7980000)
 ParOldGen       total 349696K, used 349695K [0x00000000e0000000, 0x00000000f5580000, 0x00000000f5580000)
  object space 349696K, 99% used [0x00000000e0000000,0x00000000f557ffb0,0x00000000f5580000)
 Metaspace       used 56055K, committed 56896K, reserved 1105920K
  class space    used 5542K, committed 5888K, reserved 1048576K
}
Event: 333.073 GC heap before
{Heap before GC invocations=322 (full 218):
 PSYoungGen      total 40448K, used 23039K [0x00000000f5580000, 0x00000000f9100000, 0x0000000100000000)
  eden space 23040K, 99% used [0x00000000f5580000,0x00000000f6bffff8,0x00000000f6c00000)
  from space 17408K, 0% used [0x00000000f8000000,0x00000000f8000000,0x00000000f9100000)
  to   space 13824K, 0% used [0x00000000f6c00000,0x00000000f6c00000,0x00000000f7980000)
 ParOldGen       total 349696K, used 349695K [0x00000000e0000000, 0x00000000f5580000, 0x00000000f5580000)
  object space 349696K, 99% used [0x00000000e0000000,0x00000000f557ffb0,0x00000000f5580000)
 Metaspace       used 56055K, committed 56896K, reserved 1105920K
  class space    used 5542K, committed 5888K, reserved 1048576K
}
Event: 334.239 GC heap after
{Heap after GC invocations=322 (full 218):
 PSYoungGen      total 36864K, used 23039K [0x00000000f5580000, 0x00000000f9100000, 0x0000000100000000)
  eden space 23040K, 99% used [0x00000000f5580000,0x00000000f6bffff8,0x00000000f6c00000)
  from space 13824K, 0% used [0x00000000f6c00000,0x00000000f6c00000,0x00000000f7980000)
  to   space 17408K, 0% used [0x00000000f8000000,0x00000000f8000000,0x00000000f9100000)
 ParOldGen       total 349696K, used 349695K [0x00000000e0000000, 0x00000000f5580000, 0x00000000f5580000)
  object space 349696K, 99% used [0x00000000e0000000,0x00000000f557ffb0,0x00000000f5580000)
 Metaspace       used 56055K, committed 56896K, reserved 1105920K
  class space    used 5542K, committed 5888K, reserved 1048576K
}
Event: 334.239 GC heap before
{Heap before GC invocations=323 (full 219):
 PSYoungGen      total 36864K, used 23039K [0x00000000f5580000, 0x00000000f9100000, 0x0000000100000000)
  eden space 23040K, 99% used [0x00000000f5580000,0x00000000f6bffff8,0x00000000f6c00000)
  from space 13824K, 0% used [0x00000000f6c00000,0x00000000f6c00000,0x00000000f7980000)
  to   space 17408K, 0% used [0x00000000f8000000,0x00000000f8000000,0x00000000f9100000)
 ParOldGen       total 349696K, used 349695K [0x00000000e0000000, 0x00000000f5580000, 0x00000000f5580000)
  object space 349696K, 99% used [0x00000000e0000000,0x00000000f557fff0,0x00000000f5580000)
 Metaspace       used 56055K, committed 56896K, reserved 1105920K
  class space    used 5542K, committed 5888K, reserved 1048576K
}
Event: 335.253 GC heap after
{Heap after GC invocations=323 (full 219):
 PSYoungGen      total 40448K, used 23039K [0x00000000f5580000, 0x00000000f9100000, 0x0000000100000000)
  eden space 23040K, 99% used [0x00000000f5580000,0x00000000f6bfffd8,0x00000000f6c00000)
  from space 17408K, 0% used [0x00000000f8000000,0x00000000f8000000,0x00000000f9100000)
  to   space 13824K, 0% used [0x00000000f6c00000,0x00000000f6c00000,0x00000000f7980000)
 ParOldGen       total 349696K, used 349695K [0x00000000e0000000, 0x00000000f5580000, 0x00000000f5580000)
  object space 349696K, 99% used [0x00000000e0000000,0x00000000f557fff0,0x00000000f5580000)
 Metaspace       used 56055K, committed 56896K, reserved 1105920K
  class space    used 5542K, committed 5888K, reserved 1048576K
}
Event: 335.254 GC heap before
{Heap before GC invocations=324 (full 220):
 PSYoungGen      total 40448K, used 23040K [0x00000000f5580000, 0x00000000f9100000, 0x0000000100000000)
  eden space 23040K, 100% used [0x00000000f5580000,0x00000000f6c00000,0x00000000f6c00000)
  from space 17408K, 0% used [0x00000000f8000000,0x00000000f8000000,0x00000000f9100000)
  to   space 13824K, 0% used [0x00000000f6c00000,0x00000000f6c00000,0x00000000f7980000)
 ParOldGen       total 349696K, used 349695K [0x00000000e0000000, 0x00000000f5580000, 0x00000000f5580000)
  object space 349696K, 99% used [0x00000000e0000000,0x00000000f557fff0,0x00000000f5580000)
 Metaspace       used 56055K, committed 56896K, reserved 1105920K
  class space    used 5542K, committed 5888K, reserved 1048576K
}
Event: 336.374 GC heap after
{Heap after GC invocations=324 (full 220):
 PSYoungGen      total 36864K, used 23040K [0x00000000f5580000, 0x00000000f9100000, 0x0000000100000000)
  eden space 23040K, 100% used [0x00000000f5580000,0x00000000f6c00000,0x00000000f6c00000)
  from space 13824K, 0% used [0x00000000f6c00000,0x00000000f6c00000,0x00000000f7980000)
  to   space 17408K, 0% used [0x00000000f8000000,0x00000000f8000000,0x00000000f9100000)
 ParOldGen       total 349696K, used 349695K [0x00000000e0000000, 0x00000000f5580000, 0x00000000f5580000)
  object space 349696K, 99% used [0x00000000e0000000,0x00000000f557fff0,0x00000000f5580000)
 Metaspace       used 56055K, committed 56896K, reserved 1105920K
  class space    used 5542K, committed 5888K, reserved 1048576K
}
Event: 336.374 GC heap before
{Heap before GC invocations=325 (full 221):
 PSYoungGen      total 36864K, used 23040K [0x00000000f5580000, 0x00000000f9100000, 0x0000000100000000)
  eden space 23040K, 100% used [0x00000000f5580000,0x00000000f6c00000,0x00000000f6c00000)
  from space 13824K, 0% used [0x00000000f6c00000,0x00000000f6c00000,0x00000000f7980000)
  to   space 17408K, 0% used [0x00000000f8000000,0x00000000f8000000,0x00000000f9100000)
 ParOldGen       total 349696K, used 349695K [0x00000000e0000000, 0x00000000f5580000, 0x00000000f5580000)
  object space 349696K, 99% used [0x00000000e0000000,0x00000000f557fff0,0x00000000f5580000)
 Metaspace       used 56055K, committed 56896K, reserved 1105920K
  class space    used 5542K, committed 5888K, reserved 1048576K
}
Event: 337.533 GC heap after
{Heap after GC invocations=325 (full 221):
 PSYoungGen      total 40448K, used 23040K [0x00000000f5580000, 0x00000000f9100000, 0x0000000100000000)
  eden space 23040K, 100% used [0x00000000f5580000,0x00000000f6c00000,0x00000000f6c00000)
  from space 17408K, 0% used [0x00000000f8000000,0x00000000f8000000,0x00000000f9100000)
  to   space 13824K, 0% used [0x00000000f6c00000,0x00000000f6c00000,0x00000000f7980000)
 ParOldGen       total 349696K, used 349695K [0x00000000e0000000, 0x00000000f5580000, 0x00000000f5580000)
  object space 349696K, 99% used [0x00000000e0000000,0x00000000f557fff0,0x00000000f5580000)
 Metaspace       used 56055K, committed 56896K, reserved 1105920K
  class space    used 5542K, committed 5888K, reserved 1048576K
}
Event: 337.533 GC heap before
{Heap before GC invocations=326 (full 222):
 PSYoungGen      total 40448K, used 23040K [0x00000000f5580000, 0x00000000f9100000, 0x0000000100000000)
  eden space 23040K, 100% used [0x00000000f5580000,0x00000000f6c00000,0x00000000f6c00000)
  from space 17408K, 0% used [0x00000000f8000000,0x00000000f8000000,0x00000000f9100000)
  to   space 13824K, 0% used [0x00000000f6c00000,0x00000000f6c00000,0x00000000f7980000)
 ParOldGen       total 349696K, used 349695K [0x00000000e0000000, 0x00000000f5580000, 0x00000000f5580000)
  object space 349696K, 99% used [0x00000000e0000000,0x00000000f557fff0,0x00000000f5580000)
 Metaspace       used 56055K, committed 56896K, reserved 1105920K
  class space    used 5542K, committed 5888K, reserved 1048576K
}
Event: 338.744 GC heap after
{Heap after GC invocations=326 (full 222):
 PSYoungGen      total 36864K, used 23039K [0x00000000f5580000, 0x00000000f9100000, 0x0000000100000000)
  eden space 23040K, 99% used [0x00000000f5580000,0x00000000f6bfffd8,0x00000000f6c00000)
  from space 13824K, 0% used [0x00000000f6c00000,0x00000000f6c00000,0x00000000f7980000)
  to   space 17408K, 0% used [0x00000000f8000000,0x00000000f8000000,0x00000000f9100000)
 ParOldGen       total 349696K, used 349695K [0x00000000e0000000, 0x00000000f5580000, 0x00000000f5580000)
  object space 349696K, 99% used [0x00000000e0000000,0x00000000f557fd00,0x00000000f5580000)
 Metaspace       used 56055K, committed 56896K, reserved 1105920K
  class space    used 5542K, committed 5888K, reserved 1048576K
}
Event: 338.751 GC heap before
{Heap before GC invocations=327 (full 223):
 PSYoungGen      total 36864K, used 23039K [0x00000000f5580000, 0x00000000f9100000, 0x0000000100000000)
  eden space 23040K, 99% used [0x00000000f5580000,0x00000000f6bffff8,0x00000000f6c00000)
  from space 13824K, 0% used [0x00000000f6c00000,0x00000000f6c00000,0x00000000f7980000)
  to   space 17408K, 0% used [0x00000000f8000000,0x00000000f8000000,0x00000000f9100000)
 ParOldGen       total 349696K, used 349695K [0x00000000e0000000, 0x00000000f5580000, 0x00000000f5580000)
  object space 349696K, 99% used [0x00000000e0000000,0x00000000f557fd00,0x00000000f5580000)
 Metaspace       used 56055K, committed 56896K, reserved 1105920K
  class space    used 5542K, committed 5888K, reserved 1048576K
}
Event: 339.953 GC heap after
{Heap after GC invocations=327 (full 223):
 PSYoungGen      total 40448K, used 23039K [0x00000000f5580000, 0x00000000f9100000, 0x0000000100000000)
  eden space 23040K, 99% used [0x00000000f5580000,0x00000000f6bffff8,0x00000000f6c00000)
  from space 17408K, 0% used [0x00000000f8000000,0x00000000f8000000,0x00000000f9100000)
  to   space 13824K, 0% used [0x00000000f6c00000,0x00000000f6c00000,0x00000000f7980000)
 ParOldGen       total 349696K, used 349695K [0x00000000e0000000, 0x00000000f5580000, 0x00000000f5580000)
  object space 349696K, 99% used [0x00000000e0000000,0x00000000f557fd00,0x00000000f5580000)
 Metaspace       used 56055K, committed 56896K, reserved 1105920K
  class space    used 5542K, committed 5888K, reserved 1048576K
}
Event: 339.953 GC heap before
{Heap before GC invocations=328 (full 224):
 PSYoungGen      total 40448K, used 23039K [0x00000000f5580000, 0x00000000f9100000, 0x0000000100000000)
  eden space 23040K, 99% used [0x00000000f5580000,0x00000000f6bffff8,0x00000000f6c00000)
  from space 17408K, 0% used [0x00000000f8000000,0x00000000f8000000,0x00000000f9100000)
  to   space 13824K, 0% used [0x00000000f6c00000,0x00000000f6c00000,0x00000000f7980000)
 ParOldGen       total 349696K, used 349695K [0x00000000e0000000, 0x00000000f5580000, 0x00000000f5580000)
  object space 349696K, 99% used [0x00000000e0000000,0x00000000f557ffe8,0x00000000f5580000)
 Metaspace       used 56055K, committed 56896K, reserved 1105920K
  class space    used 5542K, committed 5888K, reserved 1048576K
}
Event: 341.073 GC heap after
{Heap after GC invocations=328 (full 224):
 PSYoungGen      total 36864K, used 23039K [0x00000000f5580000, 0x00000000f9100000, 0x0000000100000000)
  eden space 23040K, 99% used [0x00000000f5580000,0x00000000f6bffff8,0x00000000f6c00000)
  from space 13824K, 0% used [0x00000000f6c00000,0x00000000f6c00000,0x00000000f7980000)
  to   space 17408K, 0% used [0x00000000f8000000,0x00000000f8000000,0x00000000f9100000)
 ParOldGen       total 349696K, used 349695K [0x00000000e0000000, 0x00000000f5580000, 0x00000000f5580000)
  object space 349696K, 99% used [0x00000000e0000000,0x00000000f557fd18,0x00000000f5580000)
 Metaspace       used 56055K, committed 56896K, reserved 1105920K
  class space    used 5542K, committed 5888K, reserved 1048576K
}
Event: 341.073 GC heap before
{Heap before GC invocations=329 (full 225):
 PSYoungGen      total 36864K, used 23039K [0x00000000f5580000, 0x00000000f9100000, 0x0000000100000000)
  eden space 23040K, 99% used [0x00000000f5580000,0x00000000f6bffff8,0x00000000f6c00000)
  from space 13824K, 0% used [0x00000000f6c00000,0x00000000f6c00000,0x00000000f7980000)
  to   space 17408K, 0% used [0x00000000f8000000,0x00000000f8000000,0x00000000f9100000)
 ParOldGen       total 349696K, used 349695K [0x00000000e0000000, 0x00000000f5580000, 0x00000000f5580000)
  object space 349696K, 99% used [0x00000000e0000000,0x00000000f557fd18,0x00000000f5580000)
 Metaspace       used 56055K, committed 56896K, reserved 1105920K
  class space    used 5542K, committed 5888K, reserved 1048576K
}
Event: 342.267 GC heap after
{Heap after GC invocations=329 (full 225):
 PSYoungGen      total 40448K, used 23039K [0x00000000f5580000, 0x00000000f9100000, 0x0000000100000000)
  eden space 23040K, 99% used [0x00000000f5580000,0x00000000f6bffff8,0x00000000f6c00000)
  from space 17408K, 0% used [0x00000000f8000000,0x00000000f8000000,0x00000000f9100000)
  to   space 13824K, 0% used [0x00000000f6c00000,0x00000000f6c00000,0x00000000f7980000)
 ParOldGen       total 349696K, used 349695K [0x00000000e0000000, 0x00000000f5580000, 0x00000000f5580000)
  object space 349696K, 99% used [0x00000000e0000000,0x00000000f557fd18,0x00000000f5580000)
 Metaspace       used 56055K, committed 56896K, reserved 1105920K
  class space    used 5542K, committed 5888K, reserved 1048576K
}

